[0mCompiling "resources/public/js/compiled/baller.js" from ["src"]...[0m
[36m----  Compiler Warning on   resources/public/js/compiled/out/infinitelives/pixi/canvas.cljs   line:30  column:1  ----[0m

  [1mget already refers to: cljs.core/get being replaced by: infinitelives.pixi.canvas/get[0m

  [36m26[0m  [36m(defn remove![0m
  [36m27[0m  [36m  ([key][0m
  [36m28[0m  [36m   (swap! canvas-store dissoc key)))[0m
  [36m29[0m  [36m[0m
  [33m30[0m  [1m(defn get[0m
  [0m  [0m  [33m^--- get already refers to: cljs.core/get being replaced by: infinitelives.pixi.canvas/get[0m
  [36m31[0m  [36m  ([key][0m
  [36m32[0m  [36m   (key @canvas-store))[0m
  [36m33[0m  [36m  ([][0m
  [36m34[0m  [36m   (:default @canvas-store)))[0m

[36m----  Compiler Warning : Please see resources/public/js/compiled/out/infinitelives/pixi/canvas.cljs  ----[0m
[36m----  Compiler Warning on   resources/public/js/compiled/out/infinitelives/pixi/canvas.cljs   line:291  column:7  ----[0m

  [1mWrong number of args (0) passed to fullscreen-fn[0m

  [36m287[0m  [36m        (render-fn))[0m
  [36m288[0m  [36m[0m
  [36m289[0m  [36m      (render)[0m
  [36m290[0m  [36m[0m
  [33m291[0m  [1m      (fullscreen-fn)[0m
  [0m   [0m  [33m      ^--- Wrong number of args (0) passed to fullscreen-fn[0m
  [36m292[0m  [36m[0m
  [36m293[0m  [36m      (let [canvas (into[0m
  [36m294[0m  [36m                    world[0m
  [36m295[0m  [36m                    {[0m
  [36m296[0m  [36m                     :render-fn render-fn[0m

[36m----  Compiler Warning : Please see resources/public/js/compiled/out/infinitelives/pixi/canvas.cljs  ----[0m
[36m----  Compiler Warning on   resources/public/js/compiled/out/infinitelives/pixi/texture.cljs   line:18  column:1  ----[0m

  [1mget already refers to: cljs.core/get being replaced by: infinitelives.pixi.texture/get[0m

  [36m14[0m  [36m(defn remove![0m
  [36m15[0m  [36m  ([key][0m
  [36m16[0m  [36m   (swap! texture-store dissoc key)))[0m
  [36m17[0m  [36m[0m
  [33m18[0m  [1m(defn get[0m
  [0m  [0m  [33m^--- get already refers to: cljs.core/get being replaced by: infinitelives.pixi.texture/get[0m
  [36m19[0m  [36m  [key][0m
  [36m20[0m  [36m  (@texture-store key))[0m
  [36m21[0m  [36m[0m
  [36m22[0m  [36m(defn set-texture![0m
  [36m23[0m  [36m  [key texture][0m

[36m----  Compiler Warning : Please see resources/public/js/compiled/out/infinitelives/pixi/texture.cljs  ----[0m
[32mSuccessfully compiled "resources/public/js/compiled/baller.js" in 1.59 seconds.[0m
notifying browser that file changed:  resources/public/js/compiled/out/goog/deps.js
notifying browser that file changed:  resources/public/js/compiled/out/cljs_deps.js
notifying browser that file changed:  resources/public/js/compiled/out/baller/core.js
[0mCompiling "resources/public/js/compiled/baller.js" from ["src"]...[0m
[32mSuccessfully compiled "resources/public/js/compiled/baller.js" in 0.343 seconds.[0m
notifying browser that file changed:  resources/public/js/compiled/out/baller/core.js
[0mCompiling "resources/public/js/compiled/baller.js" from ["src"]...[0m
[32mSuccessfully compiled "resources/public/js/compiled/baller.js" in 0.362 seconds.[0m
notifying browser that file changed:  resources/public/js/compiled/out/baller/core.js
[0mCompiling "resources/public/js/compiled/baller.js" from ["src"]...[0m
[32mSuccessfully compiled "resources/public/js/compiled/baller.js" in 0.379 seconds.[0m
notifying browser that file changed:  resources/public/js/compiled/out/baller/core.js
[0mCompiling "resources/public/js/compiled/baller.js" from ["src"]...[0m
[32mSuccessfully compiled "resources/public/js/compiled/baller.js" in 0.351 seconds.[0m
notifying browser that file changed:  resources/public/js/compiled/out/baller/core.js
[0mCompiling "resources/public/js/compiled/baller.js" from ["src"]...[0m
[32mSuccessfully compiled "resources/public/js/compiled/baller.js" in 0.356 seconds.[0m
notifying browser that file changed:  resources/public/js/compiled/out/baller/core.js
[0mCompiling "resources/public/js/compiled/baller.js" from ["src"]...[0m
[32mSuccessfully compiled "resources/public/js/compiled/baller.js" in 0.448 seconds.[0m
notifying browser that file changed:  resources/public/js/compiled/out/goog/deps.js
notifying browser that file changed:  resources/public/js/compiled/out/cljs_deps.js
notifying browser that file changed:  resources/public/js/compiled/out/baller/core.js
[0mCompiling "resources/public/js/compiled/baller.js" from ["src"]...[0m
[32mSuccessfully compiled "resources/public/js/compiled/baller.js" in 0.437 seconds.[0m
notifying browser that file changed:  resources/public/js/compiled/out/baller/core.js
[0mCompiling "resources/public/js/compiled/baller.js" from ["src"]...[0m
[32mSuccessfully compiled "resources/public/js/compiled/baller.js" in 0.346 seconds.[0m
notifying browser that file changed:  resources/public/js/compiled/out/baller/core.js
[0mCompiling "resources/public/js/compiled/baller.js" from ["src"]...[0m
[32mSuccessfully compiled "resources/public/js/compiled/baller.js" in 0.351 seconds.[0m
notifying browser that file changed:  resources/public/js/compiled/out/baller/core.js
[0mCompiling "resources/public/js/compiled/baller.js" from ["src"]...[0m
[32mSuccessfully compiled "resources/public/js/compiled/baller.js" in 0.377 seconds.[0m
notifying browser that file changed:  resources/public/js/compiled/out/baller/core.js
[0mCompiling "resources/public/js/compiled/baller.js" from ["src"]...[0m
[32mSuccessfully compiled "resources/public/js/compiled/baller.js" in 0.337 seconds.[0m
notifying browser that file changed:  resources/public/js/compiled/out/baller/core.js
[0mCompiling "resources/public/js/compiled/baller.js" from ["src"]...[0m
[32mSuccessfully compiled "resources/public/js/compiled/baller.js" in 0.335 seconds.[0m
notifying browser that file changed:  resources/public/js/compiled/out/baller/core.js
[0mCompiling "resources/public/js/compiled/baller.js" from ["src"]...[0m
[32mSuccessfully compiled "resources/public/js/compiled/baller.js" in 0.347 seconds.[0m
notifying browser that file changed:  resources/public/js/compiled/out/baller/core.js
[0mCompiling "resources/public/js/compiled/baller.js" from ["src"]...[0m
[32mSuccessfully compiled "resources/public/js/compiled/baller.js" in 0.345 seconds.[0m
notifying browser that file changed:  resources/public/js/compiled/out/baller/core.js
[0mCompiling "resources/public/js/compiled/baller.js" from ["src"]...[0m
[36m----  Compiler Warning on   src/baller/core.cljs   line:47  column:3  ----[0m

  [1mWrong number of args (0) passed to baller.core/ball-thread[0m

  [36m44[0m  [36m(def scale 3)[0m
  [36m45[0m  [36m[0m
  [36m46[0m  [36m(defonce main-thread[0m
  [33m47[0m  [1m  (go[0m
  [0m  [0m  [33m  ^--- Wrong number of args (0) passed to baller.core/ball-thread[0m
  [36m48[0m  [36m    (<! (r/load-resources canvas :ui ["img/ball.png"]))[0m
  [36m49[0m  [36m[0m
  [36m50[0m  [36m    (t/set-texture! :ball (r/get-texture :ball :nearest))[0m
  [36m51[0m  [36m[0m
  [36m52[0m  [36m    (m/with-sprite canvas :bg[0m

[36m----  Compiler Warning : Please see src/baller/core.cljs  ----[0m
[32mSuccessfully compiled "resources/public/js/compiled/baller.js" in 0.405 seconds.[0m
notifying browser that file changed:  resources/public/js/compiled/out/baller/core.js
[0mCompiling "resources/public/js/compiled/baller.js" from ["src"]...[0m
[36m----  Compiler Warning on   src/baller/core.cljs   line:47  column:3  ----[0m

  [1mWrong number of args (0) passed to baller.core/ball-thread[0m

  [36m44[0m  [36m(def scale 3)[0m
  [36m45[0m  [36m[0m
  [36m46[0m  [36m(defonce main-thread[0m
  [33m47[0m  [1m  (go[0m
  [0m  [0m  [33m  ^--- Wrong number of args (0) passed to baller.core/ball-thread[0m
  [36m48[0m  [36m    (<! (r/load-resources canvas :ui ["img/ball.png"]))[0m
  [36m49[0m  [36m[0m
  [36m50[0m  [36m    (t/set-texture! :ball (r/get-texture :ball :nearest))[0m
  [36m51[0m  [36m[0m
  [36m52[0m  [36m    (m/with-sprite canvas :bg[0m

[36m----  Compiler Warning : Please see src/baller/core.cljs  ----[0m
[32mSuccessfully compiled "resources/public/js/compiled/baller.js" in 0.414 seconds.[0m
notifying browser that file changed:  resources/public/js/compiled/out/baller/core.js
[0mCompiling "resources/public/js/compiled/baller.js" from ["src"]...[0m
[36m----  Compiler Warning on   src/baller/core.cljs   line:47  column:3  ----[0m

  [1mWrong number of args (0) passed to baller.core/ball-thread[0m

  [36m44[0m  [36m(def scale 3)[0m
  [36m45[0m  [36m[0m
  [36m46[0m  [36m(defonce main-thread[0m
  [33m47[0m  [1m  (go[0m
  [0m  [0m  [33m  ^--- Wrong number of args (0) passed to baller.core/ball-thread[0m
  [36m48[0m  [36m    (<! (r/load-resources canvas :ui ["img/ball.png"]))[0m
  [36m49[0m  [36m[0m
  [36m50[0m  [36m    (t/set-texture! :ball (r/get-texture :ball :nearest))[0m
  [36m51[0m  [36m[0m
  [36m52[0m  [36m    (m/with-sprite canvas :bg[0m

[36m----  Compiler Warning : Please see src/baller/core.cljs  ----[0m
[32mSuccessfully compiled "resources/public/js/compiled/baller.js" in 0.389 seconds.[0m
notifying browser that file changed:  resources/public/js/compiled/out/baller/core.js
[0mCompiling "resources/public/js/compiled/baller.js" from ["src"]...[0m
[32mSuccessfully compiled "resources/public/js/compiled/baller.js" in 0.374 seconds.[0m
notifying browser that file changed:  resources/public/js/compiled/out/baller/core.js
[0mCompiling "resources/public/js/compiled/baller.js" from ["src"]...[0m
[32mSuccessfully compiled "resources/public/js/compiled/baller.js" in 0.365 seconds.[0m
notifying browser that file changed:  resources/public/js/compiled/out/baller/core.js
[0mCompiling "resources/public/js/compiled/baller.js" from ["src"]...[0m
[32mSuccessfully compiled "resources/public/js/compiled/baller.js" in 0.35 seconds.[0m
notifying browser that file changed:  resources/public/js/compiled/out/baller/core.js
[0mCompiling "resources/public/js/compiled/baller.js" from ["src"]...[0m
[32mSuccessfully compiled "resources/public/js/compiled/baller.js" in 0.418 seconds.[0m
notifying browser that file changed:  resources/public/js/compiled/out/baller/core.js
[0mCompiling "resources/public/js/compiled/baller.js" from ["src"]...[0m
[32mSuccessfully compiled "resources/public/js/compiled/baller.js" in 0.354 seconds.[0m
notifying browser that file changed:  resources/public/js/compiled/out/baller/core.js
[0mCompiling "resources/public/js/compiled/baller.js" from ["src"]...[0m
[32mSuccessfully compiled "resources/public/js/compiled/baller.js" in 0.349 seconds.[0m
notifying browser that file changed:  resources/public/js/compiled/out/baller/core.js
[0mCompiling "resources/public/js/compiled/baller.js" from ["src"]...[0m
[32mSuccessfully compiled "resources/public/js/compiled/baller.js" in 0.349 seconds.[0m
notifying browser that file changed:  resources/public/js/compiled/out/baller/core.js
[0mCompiling "resources/public/js/compiled/baller.js" from ["src"]...[0m
[32mSuccessfully compiled "resources/public/js/compiled/baller.js" in 0.352 seconds.[0m
notifying browser that file changed:  resources/public/js/compiled/out/baller/core.js
[0mCompiling "resources/public/js/compiled/baller.js" from ["src"]...[0m
[32mSuccessfully compiled "resources/public/js/compiled/baller.js" in 0.345 seconds.[0m
notifying browser that file changed:  resources/public/js/compiled/out/baller/core.js
[0mCompiling "resources/public/js/compiled/baller.js" from ["src"]...[0m
[32mSuccessfully compiled "resources/public/js/compiled/baller.js" in 0.357 seconds.[0m
notifying browser that file changed:  resources/public/js/compiled/out/baller/core.js
[0mCompiling "resources/public/js/compiled/baller.js" from ["src"]...[0m
[32mSuccessfully compiled "resources/public/js/compiled/baller.js" in 0.355 seconds.[0m
notifying browser that file changed:  resources/public/js/compiled/out/baller/core.js
[0mCompiling "resources/public/js/compiled/baller.js" from ["src"]...[0m
[32mSuccessfully compiled "resources/public/js/compiled/baller.js" in 0.349 seconds.[0m
notifying browser that file changed:  resources/public/js/compiled/out/baller/core.js
[0mCompiling "resources/public/js/compiled/baller.js" from ["src"]...[0m
[36m----  Compiler Warning on   src/baller/core.cljs   line:41  column:24  ----[0m

  [1mUse of undeclared Var baller.core/pos-x[0m

  [36m37[0m  [36m      (s/set-rotation! ball angle)[0m
  [36m38[0m  [36m[0m
  [36m39[0m  [36m      (off-screen? ball)[0m
  [36m40[0m  [36m[0m
  [33m41[0m  [1m      (s/set-pos! ball pos-x pos-y)[0m
  [0m  [0m  [33m                       ^--- Use of undeclared Var baller.core/pos-x[0m
  [36m42[0m  [36m[0m
  [36m43[0m  [36m      (<! (e/next-frame))[0m
  [36m44[0m  [36m      (recur (+ 0.1 angle)))))[0m

[36m----  Compiler Warning : Please see src/baller/core.cljs  ----[0m
[36m----  Compiler Warning on   src/baller/core.cljs   line:41  column:30  ----[0m

  [1mUse of undeclared Var baller.core/pos-y[0m

  [36m37[0m  [36m      (s/set-rotation! ball angle)[0m
  [36m38[0m  [36m[0m
  [36m39[0m  [36m      (off-screen? ball)[0m
  [36m40[0m  [36m[0m
  [33m41[0m  [1m      (s/set-pos! ball pos-x pos-y)[0m
  [0m  [0m  [33m                             ^--- Use of undeclared Var baller.core/pos-y[0m
  [36m42[0m  [36m[0m
  [36m43[0m  [36m      (<! (e/next-frame))[0m
  [36m44[0m  [36m      (recur (+ 0.1 angle)))))[0m

[36m----  Compiler Warning : Please see src/baller/core.cljs  ----[0m
[32mSuccessfully compiled "resources/public/js/compiled/baller.js" in 0.439 seconds.[0m
notifying browser that file changed:  resources/public/js/compiled/out/baller/core.js
[0mCompiling "resources/public/js/compiled/baller.js" from ["src"]...[0m
[31mFailed to compile "resources/public/js/compiled/baller.js" in 0.188 seconds.[0m
[36m----  Could not Analyze  src/baller/core.cljs   line:35  column:3  ----[0m

  [1mAssert failed: Wrong number of arguments to recur
(= (count val-ids) (count recurs))[0m

  [36m34[0m  [36m(defn ball-thread [ball][0m
  [33m35[0m  [1m  (go[0m
  [0m  [0m  [33m  ^--- Assert failed: Wrong number of arguments to recur
(= (count val-ids) (count recurs))[0m
  [36m36[0m  [36m    (loop [pos-x 0 pos-y 0][0m
  [36m37[0m  [36m      (s/set-rotation! ball angle)[0m

[36m----  Analysis Error : Please see src/baller/core.cljs  ----[0m
[0mCompiling "resources/public/js/compiled/baller.js" from ["src"]...[0m
[31mFailed to compile "resources/public/js/compiled/baller.js" in 0.178 seconds.[0m
[36m----  Could not Analyze  src/baller/core.cljs   line:35  column:3  ----[0m

  [1mAssert failed: Wrong number of arguments to recur
(= (count val-ids) (count recurs))[0m

  [36m34[0m  [36m(defn ball-thread [ball][0m
  [33m35[0m  [1m  (go[0m
  [0m  [0m  [33m  ^--- Assert failed: Wrong number of arguments to recur
(= (count val-ids) (count recurs))[0m
  [36m36[0m  [36m    (loop [pos-x 0 pos-y 0][0m
  [36m37[0m  [36m      (s/set-rotation! ball angle)[0m

[36m----  Analysis Error : Please see src/baller/core.cljs  ----[0m
[0mCompiling "resources/public/js/compiled/baller.js" from ["src"]...[0m
[31mFailed to compile "resources/public/js/compiled/baller.js" in 0.159 seconds.[0m
[36m----  Could not Analyze  src/baller/core.cljs   line:35  column:3  ----[0m

  [1mAssert failed: Wrong number of arguments to recur
(= (count val-ids) (count recurs))[0m

  [36m34[0m  [36m(defn ball-thread [ball][0m
  [33m35[0m  [1m  (go[0m
  [0m  [0m  [33m  ^--- Assert failed: Wrong number of arguments to recur
(= (count val-ids) (count recurs))[0m
  [36m36[0m  [36m    (loop [pos-x 0[0m
  [36m37[0m  [36m           pos-y 0][0m
  [36m38[0m  [36m      (s/set-rotation! ball angle)[0m

[36m----  Analysis Error : Please see src/baller/core.cljs  ----[0m
[0mCompiling "resources/public/js/compiled/baller.js" from ["src"]...[0m
[31mFailed to compile "resources/public/js/compiled/baller.js" in 0.164 seconds.[0m
[36m----  Could not Analyze  src/baller/core.cljs   line:35  column:3  ----[0m

  [1mAssert failed: Wrong number of arguments to recur
(= (count val-ids) (count recurs))[0m

  [36m34[0m  [36m(defn ball-thread [ball][0m
  [33m35[0m  [1m  (go[0m
  [0m  [0m  [33m  ^--- Assert failed: Wrong number of arguments to recur
(= (count val-ids) (count recurs))[0m
  [36m36[0m  [36m    (loop [pos-x 0[0m
  [36m37[0m  [36m           pos-y 0][0m

[36m----  Analysis Error : Please see src/baller/core.cljs  ----[0m
[0mCompiling "resources/public/js/compiled/baller.js" from ["src"]...[0m
[36m----  Compiler Warning on   src/baller/core.cljs   line:45  column:16  ----[0m

  [1mUse of undeclared Var baller.core/-pos-y[0m

  [36m41[0m  [36m      (s/set-pos! ball pos-x pos-y)[0m
  [36m42[0m  [36m[0m
  [36m43[0m  [36m      (<! (e/next-frame))[0m
  [36m44[0m  [36m      (recur (- pos-x 1)[0m
  [33m45[0m  [1m              (-pos-y 1)))))[0m
  [0m  [0m  [33m               ^--- Use of undeclared Var baller.core/-pos-y[0m
  [36m46[0m  [36m[0m
  [36m47[0m  [36m[0m
  [36m48[0m  [36m[0m
  [36m49[0m  [36m(defonce canvas[0m
  [36m50[0m  [36m  (c/init {:layers [:bg :ball :ui][0m

[36m----  Compiler Warning : Please see src/baller/core.cljs  ----[0m
[32mSuccessfully compiled "resources/public/js/compiled/baller.js" in 0.416 seconds.[0m
notifying browser that file changed:  resources/public/js/compiled/out/baller/core.js
[0mCompiling "resources/public/js/compiled/baller.js" from ["src"]...[0m
[32mSuccessfully compiled "resources/public/js/compiled/baller.js" in 0.362 seconds.[0m
notifying browser that file changed:  resources/public/js/compiled/out/baller/core.js
[0mCompiling "resources/public/js/compiled/baller.js" from ["src"]...[0m
[32mSuccessfully compiled "resources/public/js/compiled/baller.js" in 0.355 seconds.[0m
notifying browser that file changed:  resources/public/js/compiled/out/baller/core.js
[0mCompiling "resources/public/js/compiled/baller.js" from ["src"]...[0m
[32mSuccessfully compiled "resources/public/js/compiled/baller.js" in 0.388 seconds.[0m
notifying browser that file changed:  resources/public/js/compiled/out/baller/core.js
[0mCompiling "resources/public/js/compiled/baller.js" from ["src"]...[0m
[32mSuccessfully compiled "resources/public/js/compiled/baller.js" in 0.372 seconds.[0m
notifying browser that file changed:  resources/public/js/compiled/out/baller/core.js
[0mCompiling "resources/public/js/compiled/baller.js" from ["src"]...[0m
[32mSuccessfully compiled "resources/public/js/compiled/baller.js" in 0.376 seconds.[0m
notifying browser that file changed:  resources/public/js/compiled/out/baller/core.js
[0mCompiling "resources/public/js/compiled/baller.js" from ["src"]...[0m
[32mSuccessfully compiled "resources/public/js/compiled/baller.js" in 0.362 seconds.[0m
notifying browser that file changed:  resources/public/js/compiled/out/baller/core.js
[0mCompiling "resources/public/js/compiled/baller.js" from ["src"]...[0m
[32mSuccessfully compiled "resources/public/js/compiled/baller.js" in 0.361 seconds.[0m
notifying browser that file changed:  resources/public/js/compiled/out/baller/core.js
[0mCompiling "resources/public/js/compiled/baller.js" from ["src"]...[0m
[32mSuccessfully compiled "resources/public/js/compiled/baller.js" in 0.356 seconds.[0m
notifying browser that file changed:  resources/public/js/compiled/out/baller/core.js
[0mCompiling "resources/public/js/compiled/baller.js" from ["src"]...[0m
[32mSuccessfully compiled "resources/public/js/compiled/baller.js" in 0.367 seconds.[0m
notifying browser that file changed:  resources/public/js/compiled/out/baller/core.js
[0mCompiling "resources/public/js/compiled/baller.js" from ["src"]...[0m
[32mSuccessfully compiled "resources/public/js/compiled/baller.js" in 0.404 seconds.[0m
notifying browser that file changed:  resources/public/js/compiled/out/baller/core.js
[0mCompiling "resources/public/js/compiled/baller.js" from ["src"]...[0m
[32mSuccessfully compiled "resources/public/js/compiled/baller.js" in 0.36 seconds.[0m
notifying browser that file changed:  resources/public/js/compiled/out/baller/core.js
[0mCompiling "resources/public/js/compiled/baller.js" from ["src"]...[0m
[32mSuccessfully compiled "resources/public/js/compiled/baller.js" in 0.385 seconds.[0m
notifying browser that file changed:  resources/public/js/compiled/out/baller/core.js
[0mCompiling "resources/public/js/compiled/baller.js" from ["src"]...[0m
[31mFailed to compile "resources/public/js/compiled/baller.js" in 0.173 seconds.[0m
[36m----  Could not Analyze  src/baller/core.cljs   line:37  column:3  ----[0m

  [1mWrong number of args (0) passed to: core/while[0m

  [36m36[0m  [36m(defn ball-thread [ball][0m
  [33m37[0m  [1m  (go[0m
  [0m  [0m  [33m  ^--- Wrong number of args (0) passed to: core/while[0m
  [36m38[0m  [36m    (while)[0m
  [36m39[0m  [36m    (loop [pos-x 0[0m
  [36m40[0m  [36m           pos-y 0][0m

[36m----  Analysis Error : Please see src/baller/core.cljs  ----[0m
[0mCompiling "resources/public/js/compiled/baller.js" from ["src"]...[0m
[31mFailed to compile "resources/public/js/compiled/baller.js" in 0.159 seconds.[0m
[36m----  Could not Analyze  src/baller/core.cljs   line:37  column:3  ----[0m

  [1mWrong number of args (0) passed to: core/while[0m

  [36m36[0m  [36m(defn ball-thread [ball][0m
  [33m37[0m  [1m  (go[0m
  [0m  [0m  [33m  ^--- Wrong number of args (0) passed to: core/while[0m
  [36m38[0m  [36m    (while)[0m
  [36m39[0m  [36m    (loop [pos-x 0[0m
  [36m40[0m  [36m           pos-y 0][0m

[36m----  Analysis Error : Please see src/baller/core.cljs  ----[0m
[0mCompiling "resources/public/js/compiled/baller.js" from ["src"]...[0m
[31mFailed to compile "resources/public/js/compiled/baller.js" in 0.19 seconds.[0m
[36m----  Could not Analyze  src/baller/core.cljs   line:37  column:3  ----[0m

  [1mWrong number of args (0) passed to: core/while[0m

  [36m36[0m  [36m(defn ball-thread [ball][0m
  [33m37[0m  [1m  (go[0m
  [0m  [0m  [33m  ^--- Wrong number of args (0) passed to: core/while[0m
  [36m38[0m  [36m    (while)[0m
  [36m39[0m  [36m    (loop [pos-x 0[0m
  [36m40[0m  [36m           pos-y 0][0m

[36m----  Analysis Error : Please see src/baller/core.cljs  ----[0m
[0mCompiling "resources/public/js/compiled/baller.js" from ["src"]...[0m
[31mFailed to compile "resources/public/js/compiled/baller.js" in 0.253 seconds.[0m
[36m----  Could not Read  src/baller/core.cljs   line:52  column:27  ----[0m

  [1mUnmatched delimiter )[0m

  [36m50[0m  [36m(defn gave-over-thread [][0m
  [36m51[0m  [36m  (go[0m
  [33m52[0m  [1m    (println "game-over"')))[0m
  [0m  [0m  [33m                          ^--- Unmatched delimiter )[0m
  [36m53[0m  [36m[0m
  [36m54[0m  [36m(defonce canvas[0m
  [36m55[0m  [36m  (c/init {:layers [:bg :ball :ui][0m

[36m----  Reader Error : Please see src/baller/core.cljs  ----[0m
[0mCompiling "resources/public/js/compiled/baller.js" from ["src"]...[0m
[31mFailed to compile "resources/public/js/compiled/baller.js" in 0.244 seconds.[0m
[36m----  Could not Read  src/baller/core.cljs   line:52  column:27  ----[0m

  [1mUnmatched delimiter )[0m

  [36m50[0m  [36m(defn gave-over-thread [][0m
  [36m51[0m  [36m  (go[0m
  [33m52[0m  [1m    (println "game-over"')))[0m
  [0m  [0m  [33m                          ^--- Unmatched delimiter )[0m
  [36m53[0m  [36m[0m
  [36m54[0m  [36m(defonce canvas[0m
  [36m55[0m  [36m  (c/init {:layers [:bg :ball :ui][0m

[36m----  Reader Error : Please see src/baller/core.cljs  ----[0m
[0mCompiling "resources/public/js/compiled/baller.js" from ["src"]...[0m
[31mFailed to compile "resources/public/js/compiled/baller.js" in 0.24 seconds.[0m
[36m----  Could not Read  src/baller/core.cljs   line:52  column:27  ----[0m

  [1mUnmatched delimiter )[0m

  [36m50[0m  [36m(defn gave-over-thread [][0m
  [36m51[0m  [36m  (go[0m
  [33m52[0m  [1m    (println "game-over"')))[0m
  [0m  [0m  [33m                          ^--- Unmatched delimiter )[0m
  [36m53[0m  [36m[0m
  [36m54[0m  [36m(defonce canvas[0m
  [36m55[0m  [36m  (c/init {:layers [:bg :ball :ui][0m

[36m----  Reader Error : Please see src/baller/core.cljs  ----[0m
[0mCompiling "resources/public/js/compiled/baller.js" from ["src"]...[0m
[36m----  Compiler Warning on   src/baller/core.cljs   line:71  column:16  ----[0m

  [1mUse of undeclared Var baller.core/game-over-thread[0m

  [36m67[0m  [36m    (m/with-sprite canvas :bg[0m
  [36m68[0m  [36m      [ball (s/make-sprite :ball)][0m
  [36m69[0m  [36m        (while true[0m
  [36m70[0m  [36m          (<! (ball-thread ball))[0m
  [33m71[0m  [1m          (<! (game-over-thread)))[0m
  [0m  [0m  [33m               ^--- Use of undeclared Var baller.core/game-over-thread[0m
  [36m72[0m  [36m[0m
  [36m73[0m  [36m      )))[0m

[36m----  Compiler Warning : Please see src/baller/core.cljs  ----[0m
[32mSuccessfully compiled "resources/public/js/compiled/baller.js" in 0.471 seconds.[0m
notifying browser that file changed:  resources/public/js/compiled/out/baller/core.js
[0mCompiling "resources/public/js/compiled/baller.js" from ["src"]...[0m
[32mSuccessfully compiled "resources/public/js/compiled/baller.js" in 0.404 seconds.[0m
notifying browser that file changed:  resources/public/js/compiled/out/baller/core.js
[0mCompiling "resources/public/js/compiled/baller.js" from ["src"]...[0m
[32mSuccessfully compiled "resources/public/js/compiled/baller.js" in 0.389 seconds.[0m
notifying browser that file changed:  resources/public/js/compiled/out/baller/core.js
[0mCompiling "resources/public/js/compiled/baller.js" from ["src"]...[0m
[32mSuccessfully compiled "resources/public/js/compiled/baller.js" in 0.397 seconds.[0m
notifying browser that file changed:  resources/public/js/compiled/out/baller/core.js
[0mCompiling "resources/public/js/compiled/baller.js" from ["src"]...[0m
[32mSuccessfully compiled "resources/public/js/compiled/baller.js" in 0.531 seconds.[0m
notifying browser that file changed:  resources/public/js/compiled/out/goog/deps.js
notifying browser that file changed:  resources/public/js/compiled/out/cljs_deps.js
notifying browser that file changed:  resources/public/js/compiled/out/baller/core.js
[0mCompiling "resources/public/js/compiled/baller.js" from ["src"]...[0m
[32mSuccessfully compiled "resources/public/js/compiled/baller.js" in 0.45 seconds.[0m
notifying browser that file changed:  resources/public/js/compiled/out/baller/core.js
[0mCompiling "resources/public/js/compiled/baller.js" from ["src"]...[0m
[32mSuccessfully compiled "resources/public/js/compiled/baller.js" in 0.44 seconds.[0m
notifying browser that file changed:  resources/public/js/compiled/out/baller/core.js
[0mCompiling "resources/public/js/compiled/baller.js" from ["src"]...[0m
[31mFailed to compile "resources/public/js/compiled/baller.js" in 0.318 seconds.[0m
[36m----  Could not Read  src/baller/core.cljs   line:61  column:1  ----[0m

  [1mEOF while reading, starting at line 61 and column 1[0m

  [36m59[0m  [36m(def scale 3)[0m
  [36m60[0m  [36m[0m
  [33m61[0m  [1m(defonce main-thread[0m
  [0m  [0m  [33m^--- EOF while reading, starting at line 61 and column 1[0m
  [36m62[0m  [36m  (go[0m
  [36m63[0m  [36m    (<! (r/load-resources canvas :ui ["img/ball.png"]))[0m

[36m----  Reader Error : Please see src/baller/core.cljs  ----[0m
[0mCompiling "resources/public/js/compiled/baller.js" from ["src"]...[0m
[31mFailed to compile "resources/public/js/compiled/baller.js" in 0.232 seconds.[0m
[36m----  Could not Read  src/baller/core.cljs   line:61  column:1  ----[0m

  [1mEOF while reading, starting at line 61 and column 1[0m

  [36m59[0m  [36m(def scale 3)[0m
  [36m60[0m  [36m[0m
  [33m61[0m  [1m(defonce main-thread[0m
  [0m  [0m  [33m^--- EOF while reading, starting at line 61 and column 1[0m
  [36m62[0m  [36m  (go[0m
  [36m63[0m  [36m    (<! (r/load-resources canvas :ui ["img/ball.png"]))[0m

[36m----  Reader Error : Please see src/baller/core.cljs  ----[0m
[0mCompiling "resources/public/js/compiled/baller.js" from ["src"]...[0m
[31mFailed to compile "resources/public/js/compiled/baller.js" in 0.231 seconds.[0m
[36m----  Could not Read  src/baller/core.cljs   line:61  column:1  ----[0m

  [1mEOF while reading, starting at line 61 and column 1[0m

  [36m59[0m  [36m(def scale 3)[0m
  [36m60[0m  [36m[0m
  [33m61[0m  [1m(defonce main-thread[0m
  [0m  [0m  [33m^--- EOF while reading, starting at line 61 and column 1[0m
  [36m62[0m  [36m  (go[0m
  [36m63[0m  [36m    (<! (r/load-resources canvas :ui ["img/ball.png"]))[0m

[36m----  Reader Error : Please see src/baller/core.cljs  ----[0m
[0mCompiling "resources/public/js/compiled/baller.js" from ["src"]...[0m
[32mSuccessfully compiled "resources/public/js/compiled/baller.js" in 0.432 seconds.[0m
notifying browser that file changed:  resources/public/js/compiled/out/baller/core.js
[0mCompiling "resources/public/js/compiled/baller.js" from ["src"]...[0m
[32mSuccessfully compiled "resources/public/js/compiled/baller.js" in 0.416 seconds.[0m
notifying browser that file changed:  resources/public/js/compiled/out/baller/core.js
[0mCompiling "resources/public/js/compiled/baller.js" from ["src"]...[0m
[36m----  Compiler Warning on   src/baller/core.cljs   line:50  column:2  ----[0m

  [1mUse of undeclared Var baller.core/defn-end-gamethread[0m

  [36m46[0m  [36m      (when (not (off-screen? ball))[0m
  [36m47[0m  [36m        (recur (+ pos-x 0)[0m
  [36m48[0m  [36m               (+ pos-y 1))))))[0m
  [36m49[0m  [36m[0m
  [33m50[0m  [1m(defn-end-gamethread [][0m
  [0m  [0m  [33m ^--- Use of undeclared Var baller.core/defn-end-gamethread[0m
  [36m51[0m  [36m  (go[0m
  [36m52[0m  [36m    (println "game-over")))[0m
  [36m53[0m  [36m[0m
  [36m54[0m  [36m(defonce canvas[0m
  [36m55[0m  [36m  (c/init {:layers [:bg :ball :ui][0m

[36m----  Compiler Warning : Please see src/baller/core.cljs  ----[0m
[36m----  Compiler Warning on   src/baller/core.cljs   line:73  column:16  ----[0m

  [1mUse of undeclared Var baller.core/end-game-thread[0m

  [36m69[0m  [36m        (while true[0m
  [36m70[0m  [36m          (println "in loop")[0m
  [36m71[0m  [36m          (<! (titlescreen-thread))[0m
  [36m72[0m  [36m          (<! (game-thread ball))[0m
  [33m73[0m  [1m          (<! (end-game-thread))[0m
  [0m  [0m  [33m               ^--- Use of undeclared Var baller.core/end-game-thread[0m
  [36m74[0m  [36m          )[0m
  [36m75[0m  [36m[0m
  [36m76[0m  [36m      )))[0m

[36m----  Compiler Warning : Please see src/baller/core.cljs  ----[0m
[36m----  Compiler Warning on   src/baller/core.cljs   line:71  column:16  ----[0m

  [1mUse of undeclared Var baller.core/titlescreen-thread[0m

  [36m67[0m  [36m    (m/with-sprite canvas :bg[0m
  [36m68[0m  [36m      [ball (s/make-sprite :ball)][0m
  [36m69[0m  [36m        (while true[0m
  [36m70[0m  [36m          (println "in loop")[0m
  [33m71[0m  [1m          (<! (titlescreen-thread))[0m
  [0m  [0m  [33m               ^--- Use of undeclared Var baller.core/titlescreen-thread[0m
  [36m72[0m  [36m          (<! (game-thread ball))[0m
  [36m73[0m  [36m          (<! (end-game-thread))[0m
  [36m74[0m  [36m          )[0m
  [36m75[0m  [36m[0m
  [36m76[0m  [36m      )))[0m

[36m----  Compiler Warning : Please see src/baller/core.cljs  ----[0m
[32mSuccessfully compiled "resources/public/js/compiled/baller.js" in 0.561 seconds.[0m
notifying browser that file changed:  resources/public/js/compiled/out/baller/core.js
[0mCompiling "resources/public/js/compiled/baller.js" from ["src"]...[0m
[32mSuccessfully compiled "resources/public/js/compiled/baller.js" in 0.426 seconds.[0m
notifying browser that file changed:  resources/public/js/compiled/out/baller/core.js
[0mCompiling "resources/public/js/compiled/baller.js" from ["src"]...[0m
[32mSuccessfully compiled "resources/public/js/compiled/baller.js" in 0.432 seconds.[0m
notifying browser that file changed:  resources/public/js/compiled/out/baller/core.js
[0mCompiling "resources/public/js/compiled/baller.js" from ["src"]...[0m
[32mSuccessfully compiled "resources/public/js/compiled/baller.js" in 0.475 seconds.[0m
notifying browser that file changed:  resources/public/js/compiled/out/baller/core.js
[0mCompiling "resources/public/js/compiled/baller.js" from ["src"]...[0m
[31mFailed to compile "resources/public/js/compiled/baller.js" in 0.186 seconds.[0m
[36m----  Could not Analyze  src/baller/core.cljs   line:37  column:3  ----[0m

  [1mAssert failed: Wrong number of arguments to recur
(= (count val-ids) (count recurs))[0m

  [36m36[0m  [36m(defn game-thread [ball][0m
  [33m37[0m  [1m  (go[0m
  [0m  [0m  [33m  ^--- Assert failed: Wrong number of arguments to recur
(= (count val-ids) (count recurs))[0m
  [36m38[0m  [36m    (loop [pos-x 0[0m
  [36m39[0m  [36m           pos-y 0[0m
  [36m40[0m  [36m           vel-x 0[0m

[36m----  Analysis Error : Please see src/baller/core.cljs  ----[0m
[0mCompiling "resources/public/js/compiled/baller.js" from ["src"]...[0m
[31mFailed to compile "resources/public/js/compiled/baller.js" in 0.181 seconds.[0m
[36m----  Could not Analyze  src/baller/core.cljs   line:37  column:3  ----[0m

  [1mAssert failed: Wrong number of arguments to recur
(= (count val-ids) (count recurs))[0m

  [36m36[0m  [36m(defn game-thread [ball][0m
  [33m37[0m  [1m  (go[0m
  [0m  [0m  [33m  ^--- Assert failed: Wrong number of arguments to recur
(= (count val-ids) (count recurs))[0m
  [36m38[0m  [36m    (loop [pos-x 0[0m
  [36m39[0m  [36m           pos-y 0[0m
  [36m40[0m  [36m           vel-x 0[0m

[36m----  Analysis Error : Please see src/baller/core.cljs  ----[0m
[0mCompiling "resources/public/js/compiled/baller.js" from ["src"]...[0m
[31mFailed to compile "resources/public/js/compiled/baller.js" in 0.177 seconds.[0m
[36m----  Could not Analyze  src/baller/core.cljs   line:34  column:3  ----[0m

  [1mAssert failed: Wrong number of arguments to recur
(= (count val-ids) (count recurs))[0m

  [36m33[0m  [36m(defn game-thread [ball][0m
  [33m34[0m  [1m  (go[0m
  [0m  [0m  [33m  ^--- Assert failed: Wrong number of arguments to recur
(= (count val-ids) (count recurs))[0m
  [36m35[0m  [36m    (loop [pos-x 0[0m
  [36m36[0m  [36m           pos-y 0[0m
  [36m37[0m  [36m           vel-x 0[0m

[36m----  Analysis Error : Please see src/baller/core.cljs  ----[0m
[0mCompiling "resources/public/js/compiled/baller.js" from ["src"]...[0m
[31mFailed to compile "resources/public/js/compiled/baller.js" in 0.17 seconds.[0m
[36m----  Could not Analyze  src/baller/core.cljs   line:32  column:3  ----[0m

  [1mAssert failed: Wrong number of arguments to recur
(= (count val-ids) (count recurs))[0m

  [36m31[0m  [36m(defn game-thread [ball][0m
  [33m32[0m  [1m  (go[0m
  [0m  [0m  [33m  ^--- Assert failed: Wrong number of arguments to recur
(= (count val-ids) (count recurs))[0m
  [36m33[0m  [36m    (loop [pos-x 0[0m
  [36m34[0m  [36m           pos-y 0[0m
  [36m35[0m  [36m           vel-x 0[0m

[36m----  Analysis Error : Please see src/baller/core.cljs  ----[0m
[0mCompiling "resources/public/js/compiled/baller.js" from ["src"]...[0m
[31mFailed to compile "resources/public/js/compiled/baller.js" in 0.178 seconds.[0m
[36m----  Could not Analyze  src/baller/core.cljs   line:28  column:3  ----[0m

  [1mAssert failed: Wrong number of arguments to recur
(= (count val-ids) (count recurs))[0m

  [36m27[0m  [36m(defn game-thread [ball][0m
  [33m28[0m  [1m  (go[0m
  [0m  [0m  [33m  ^--- Assert failed: Wrong number of arguments to recur
(= (count val-ids) (count recurs))[0m
  [36m29[0m  [36m    (loop [pos-x 0[0m
  [36m30[0m  [36m           pos-y 0[0m
  [36m31[0m  [36m           vel-x 0[0m

[36m----  Analysis Error : Please see src/baller/core.cljs  ----[0m
[0mCompiling "resources/public/js/compiled/baller.js" from ["src"]...[0m
[31mFailed to compile "resources/public/js/compiled/baller.js" in 0.162 seconds.[0m
[36m----  Could not Analyze  src/baller/core.cljs   line:28  column:3  ----[0m

  [1mAssert failed: Wrong number of arguments to recur
(= (count val-ids) (count recurs))[0m

  [36m27[0m  [36m(defn game-thread [ball][0m
  [33m28[0m  [1m  (go[0m
  [0m  [0m  [33m  ^--- Assert failed: Wrong number of arguments to recur
(= (count val-ids) (count recurs))[0m
  [36m29[0m  [36m    (loop [pos-x 0[0m
  [36m30[0m  [36m           pos-y 0[0m
  [36m31[0m  [36m           vel-x 0[0m

[36m----  Analysis Error : Please see src/baller/core.cljs  ----[0m
[0mCompiling "resources/public/js/compiled/baller.js" from ["src"]...[0m
[31mFailed to compile "resources/public/js/compiled/baller.js" in 0.153 seconds.[0m
[36m----  Could not Analyze  src/baller/core.cljs   line:28  column:3  ----[0m

  [1mAssert failed: Wrong number of arguments to recur
(= (count val-ids) (count recurs))[0m

  [36m27[0m  [36m(defn game-thread [ball][0m
  [33m28[0m  [1m  (go[0m
  [0m  [0m  [33m  ^--- Assert failed: Wrong number of arguments to recur
(= (count val-ids) (count recurs))[0m
  [36m29[0m  [36m    (loop [pos-x 0[0m
  [36m30[0m  [36m           pos-y 0[0m
  [36m31[0m  [36m           vel-x 0[0m

[36m----  Analysis Error : Please see src/baller/core.cljs  ----[0m
[0mCompiling "resources/public/js/compiled/baller.js" from ["src"]...[0m
[32mSuccessfully compiled "resources/public/js/compiled/baller.js" in 0.423 seconds.[0m
notifying browser that file changed:  resources/public/js/compiled/out/baller/core.js
[0mCompiling "resources/public/js/compiled/baller.js" from ["src"]...[0m
[32mSuccessfully compiled "resources/public/js/compiled/baller.js" in 0.439 seconds.[0m
notifying browser that file changed:  resources/public/js/compiled/out/baller/core.js
[0mCompiling "resources/public/js/compiled/baller.js" from ["src"]...[0m
[32mSuccessfully compiled "resources/public/js/compiled/baller.js" in 0.428 seconds.[0m
notifying browser that file changed:  resources/public/js/compiled/out/baller/core.js
[0mCompiling "resources/public/js/compiled/baller.js" from ["src"]...[0m
[32mSuccessfully compiled "resources/public/js/compiled/baller.js" in 0.419 seconds.[0m
notifying browser that file changed:  resources/public/js/compiled/out/baller/core.js
[0mCompiling "resources/public/js/compiled/baller.js" from ["src"]...[0m
[32mSuccessfully compiled "resources/public/js/compiled/baller.js" in 0.434 seconds.[0m
notifying browser that file changed:  resources/public/js/compiled/out/baller/core.js
[0mCompiling "resources/public/js/compiled/baller.js" from ["src"]...[0m
[32mSuccessfully compiled "resources/public/js/compiled/baller.js" in 0.437 seconds.[0m
notifying browser that file changed:  resources/public/js/compiled/out/baller/core.js
[0mCompiling "resources/public/js/compiled/baller.js" from ["src"]...[0m
[32mSuccessfully compiled "resources/public/js/compiled/baller.js" in 0.41 seconds.[0m
notifying browser that file changed:  resources/public/js/compiled/out/baller/core.js
[0mCompiling "resources/public/js/compiled/baller.js" from ["src"]...[0m
[32mSuccessfully compiled "resources/public/js/compiled/baller.js" in 0.449 seconds.[0m
notifying browser that file changed:  resources/public/js/compiled/out/baller/core.js
[0mCompiling "resources/public/js/compiled/baller.js" from ["src"]...[0m
[32mSuccessfully compiled "resources/public/js/compiled/baller.js" in 0.421 seconds.[0m
notifying browser that file changed:  resources/public/js/compiled/out/baller/core.js
[0mCompiling "resources/public/js/compiled/baller.js" from ["src"]...[0m
[32mSuccessfully compiled "resources/public/js/compiled/baller.js" in 0.428 seconds.[0m
notifying browser that file changed:  resources/public/js/compiled/out/baller/core.js
[0mCompiling "resources/public/js/compiled/baller.js" from ["src"]...[0m
[36m----  Compiler Warning on   src/baller/core.cljs   line:66  column:47  ----[0m

  [1mUse of undeclared Var baller.core/mouse-move-handler[0m

  [36m63[0m  [36m    (t/set-texture! :ball (r/get-texture :ball :nearest))[0m
  [36m64[0m  [36m[0m
  [36m65[0m  [36m    (m/with-sprite canvas :bg[0m
  [33m66[0m  [1m      [ball (s/make-sprite :ball {:mousemove (mouse-move-handler)})][0m
  [0m  [0m  [33m                                              ^--- Use of undeclared Var baller.core/mouse-move-handler[0m
  [36m67[0m  [36m        (while true[0m
  [36m68[0m  [36m          (println "in loop")[0m
  [36m69[0m  [36m          (<! (titlescreen-thread))[0m
  [36m70[0m  [36m          (<! (game-thread ball))[0m
  [36m71[0m  [36m          (<! (end-game-thread))[0m

[36m----  Compiler Warning : Please see src/baller/core.cljs  ----[0m
[32mSuccessfully compiled "resources/public/js/compiled/baller.js" in 0.487 seconds.[0m
notifying browser that file changed:  resources/public/js/compiled/out/baller/core.js
[0mCompiling "resources/public/js/compiled/baller.js" from ["src"]...[0m
[32mSuccessfully compiled "resources/public/js/compiled/baller.js" in 0.417 seconds.[0m
notifying browser that file changed:  resources/public/js/compiled/out/baller/core.js
[0mCompiling "resources/public/js/compiled/baller.js" from ["src"]...[0m
[32mSuccessfully compiled "resources/public/js/compiled/baller.js" in 0.424 seconds.[0m
notifying browser that file changed:  resources/public/js/compiled/out/baller/core.js
[0mCompiling "resources/public/js/compiled/baller.js" from ["src"]...[0m
[36m----  Compiler Warning on   src/baller/core.cljs   line:63  column:4  ----[0m

  [1mNo such namespace: events, could not locate events.cljs, events.cljc, or Closure namespace ""[0m

  [36m60[0m  [36m(def scale 3)[0m
  [36m61[0m  [36m[0m
  [36m62[0m  [36m(defonce main-thread[0m
  [33m63[0m  [1m  (events/listen js/window event-type/MOUSEMOVE #(mouse-move-handler state surface %)))[0m
  [0m  [0m  [33m   ^--- No such namespace: events, could not locate events.cljs, events.cljc, or Closure namespace ""[0m
  [36m64[0m  [36m[0m
  [36m65[0m  [36m  (go[0m
  [36m66[0m  [36m    (<! (r/load-resources canvas :ui ["img/ball.png"]))[0m
  [36m67[0m  [36m[0m
  [36m68[0m  [36m    (t/set-texture! :ball (r/get-texture :ball :nearest))[0m

[36m----  Compiler Warning : Please see src/baller/core.cljs  ----[0m
[36m----  Compiler Warning on   src/baller/core.cljs   line:63  column:4  ----[0m

  [1mUse of undeclared Var events/listen[0m

  [36m60[0m  [36m(def scale 3)[0m
  [36m61[0m  [36m[0m
  [36m62[0m  [36m(defonce main-thread[0m
  [33m63[0m  [1m  (events/listen js/window event-type/MOUSEMOVE #(mouse-move-handler state surface %)))[0m
  [0m  [0m  [33m   ^--- Use of undeclared Var events/listen[0m
  [36m64[0m  [36m[0m
  [36m65[0m  [36m  (go[0m
  [36m66[0m  [36m    (<! (r/load-resources canvas :ui ["img/ball.png"]))[0m
  [36m67[0m  [36m[0m
  [36m68[0m  [36m    (t/set-texture! :ball (r/get-texture :ball :nearest))[0m

[36m----  Compiler Warning : Please see src/baller/core.cljs  ----[0m
[36m----  Compiler Warning on   src/baller/core.cljs   line:63  column:28  ----[0m

  [1mNo such namespace: event-type, could not locate event_type.cljs, event_type.cljc, or Closure namespace ""[0m

  [36m60[0m  [36m(def scale 3)[0m
  [36m61[0m  [36m[0m
  [36m62[0m  [36m(defonce main-thread[0m
  [33m63[0m  [1m  (events/listen js/window event-type/MOUSEMOVE #(mouse-move-handler state surface %)))[0m
  [0m  [0m  [33m                           ^--- No such namespace: event-type, could not locate event_type.cljs, event_type.cljc, or Closure namespace ""[0m
  [36m64[0m  [36m[0m
  [36m65[0m  [36m  (go[0m
  [36m66[0m  [36m    (<! (r/load-resources canvas :ui ["img/ball.png"]))[0m
  [36m67[0m  [36m[0m
  [36m68[0m  [36m    (t/set-texture! :ball (r/get-texture :ball :nearest))[0m

[36m----  Compiler Warning : Please see src/baller/core.cljs  ----[0m
[36m----  Compiler Warning on   src/baller/core.cljs   line:63  column:28  ----[0m

  [1mUse of undeclared Var event-type/MOUSEMOVE[0m

  [36m60[0m  [36m(def scale 3)[0m
  [36m61[0m  [36m[0m
  [36m62[0m  [36m(defonce main-thread[0m
  [33m63[0m  [1m  (events/listen js/window event-type/MOUSEMOVE #(mouse-move-handler state surface %)))[0m
  [0m  [0m  [33m                           ^--- Use of undeclared Var event-type/MOUSEMOVE[0m
  [36m64[0m  [36m[0m
  [36m65[0m  [36m  (go[0m
  [36m66[0m  [36m    (<! (r/load-resources canvas :ui ["img/ball.png"]))[0m
  [36m67[0m  [36m[0m
  [36m68[0m  [36m    (t/set-texture! :ball (r/get-texture :ball :nearest))[0m

[36m----  Compiler Warning : Please see src/baller/core.cljs  ----[0m
[36m----  Compiler Warning on   src/baller/core.cljs   line:63  column:50  ----[0m

  [1mWrong number of args (3) passed to baller.core/mouse-move-handler[0m

  [36m60[0m  [36m(def scale 3)[0m
  [36m61[0m  [36m[0m
  [36m62[0m  [36m(defonce main-thread[0m
  [33m63[0m  [1m  (events/listen js/window event-type/MOUSEMOVE #(mouse-move-handler state surface %)))[0m
  [0m  [0m  [33m                                                 ^--- Wrong number of args (3) passed to baller.core/mouse-move-handler[0m
  [36m64[0m  [36m[0m
  [36m65[0m  [36m  (go[0m
  [36m66[0m  [36m    (<! (r/load-resources canvas :ui ["img/ball.png"]))[0m
  [36m67[0m  [36m[0m
  [36m68[0m  [36m    (t/set-texture! :ball (r/get-texture :ball :nearest))[0m

[36m----  Compiler Warning : Please see src/baller/core.cljs  ----[0m
[36m----  Compiler Warning on   src/baller/core.cljs   line:63  column:70  ----[0m

  [1mUse of undeclared Var baller.core/state[0m

  [36m60[0m  [36m(def scale 3)[0m
  [36m61[0m  [36m[0m
  [36m62[0m  [36m(defonce main-thread[0m
  [33m63[0m  [1m  (events/listen js/window event-type/MOUSEMOVE #(mouse-move-handler state surface %)))[0m
  [0m  [0m  [33m                                                                     ^--- Use of undeclared Var baller.core/state[0m
  [36m64[0m  [36m[0m
  [36m65[0m  [36m  (go[0m
  [36m66[0m  [36m    (<! (r/load-resources canvas :ui ["img/ball.png"]))[0m
  [36m67[0m  [36m[0m
  [36m68[0m  [36m    (t/set-texture! :ball (r/get-texture :ball :nearest))[0m

[36m----  Compiler Warning : Please see src/baller/core.cljs  ----[0m
[36m----  Compiler Warning on   src/baller/core.cljs   line:63  column:76  ----[0m

  [1mUse of undeclared Var baller.core/surface[0m

  [36m60[0m  [36m(def scale 3)[0m
  [36m61[0m  [36m[0m
  [36m62[0m  [36m(defonce main-thread[0m
  [33m63[0m  [1m  (events/listen js/window event-type/MOUSEMOVE #(mouse-move-handler state surface %)))[0m
  [0m  [0m  [33m                                                                           ^--- Use of undeclared Var baller.core/surface[0m
  [36m64[0m  [36m[0m
  [36m65[0m  [36m  (go[0m
  [36m66[0m  [36m    (<! (r/load-resources canvas :ui ["img/ball.png"]))[0m
  [36m67[0m  [36m[0m
  [36m68[0m  [36m    (t/set-texture! :ball (r/get-texture :ball :nearest))[0m

[36m----  Compiler Warning : Please see src/baller/core.cljs  ----[0m
[31mFailed to compile "resources/public/js/compiled/baller.js" in 0.506 seconds.[0m
[36m----  Could not Read  src/baller/core.cljs   line:79  column:10  ----[0m

  [1mUnmatched delimiter )[0m

  [36m77[0m  [36m          )[0m
  [36m78[0m  [36m[0m
  [33m79[0m  [1m      )))[0m
  [0m  [0m  [33m         ^--- Unmatched delimiter )[0m

[36m----  Reader Error : Please see src/baller/core.cljs  ----[0m
[0mCompiling "resources/public/js/compiled/baller.js" from ["src"]...[0m
[36m----  Compiler Warning on   src/baller/core.cljs   line:63  column:4  ----[0m

  [1mNo such namespace: events, could not locate events.cljs, events.cljc, or Closure namespace ""[0m

  [36m60[0m  [36m(def scale 3)[0m
  [36m61[0m  [36m[0m
  [36m62[0m  [36m(defonce main-thread[0m
  [33m63[0m  [1m  (events/listen js/window event-type/MOUSEMOVE #(mouse-move-handler %)))[0m
  [0m  [0m  [33m   ^--- No such namespace: events, could not locate events.cljs, events.cljc, or Closure namespace ""[0m
  [36m64[0m  [36m[0m
  [36m65[0m  [36m  (go[0m
  [36m66[0m  [36m    (<! (r/load-resources canvas :ui ["img/ball.png"]))[0m
  [36m67[0m  [36m[0m
  [36m68[0m  [36m    (t/set-texture! :ball (r/get-texture :ball :nearest))[0m

[36m----  Compiler Warning : Please see src/baller/core.cljs  ----[0m
[36m----  Compiler Warning on   src/baller/core.cljs   line:63  column:4  ----[0m

  [1mUse of undeclared Var events/listen[0m

  [36m60[0m  [36m(def scale 3)[0m
  [36m61[0m  [36m[0m
  [36m62[0m  [36m(defonce main-thread[0m
  [33m63[0m  [1m  (events/listen js/window event-type/MOUSEMOVE #(mouse-move-handler %)))[0m
  [0m  [0m  [33m   ^--- Use of undeclared Var events/listen[0m
  [36m64[0m  [36m[0m
  [36m65[0m  [36m  (go[0m
  [36m66[0m  [36m    (<! (r/load-resources canvas :ui ["img/ball.png"]))[0m
  [36m67[0m  [36m[0m
  [36m68[0m  [36m    (t/set-texture! :ball (r/get-texture :ball :nearest))[0m

[36m----  Compiler Warning : Please see src/baller/core.cljs  ----[0m
[36m----  Compiler Warning on   src/baller/core.cljs   line:63  column:28  ----[0m

  [1mNo such namespace: event-type, could not locate event_type.cljs, event_type.cljc, or Closure namespace ""[0m

  [36m60[0m  [36m(def scale 3)[0m
  [36m61[0m  [36m[0m
  [36m62[0m  [36m(defonce main-thread[0m
  [33m63[0m  [1m  (events/listen js/window event-type/MOUSEMOVE #(mouse-move-handler %)))[0m
  [0m  [0m  [33m                           ^--- No such namespace: event-type, could not locate event_type.cljs, event_type.cljc, or Closure namespace ""[0m
  [36m64[0m  [36m[0m
  [36m65[0m  [36m  (go[0m
  [36m66[0m  [36m    (<! (r/load-resources canvas :ui ["img/ball.png"]))[0m
  [36m67[0m  [36m[0m
  [36m68[0m  [36m    (t/set-texture! :ball (r/get-texture :ball :nearest))[0m

[36m----  Compiler Warning : Please see src/baller/core.cljs  ----[0m
[36m----  Compiler Warning on   src/baller/core.cljs   line:63  column:28  ----[0m

  [1mUse of undeclared Var event-type/MOUSEMOVE[0m

  [36m60[0m  [36m(def scale 3)[0m
  [36m61[0m  [36m[0m
  [36m62[0m  [36m(defonce main-thread[0m
  [33m63[0m  [1m  (events/listen js/window event-type/MOUSEMOVE #(mouse-move-handler %)))[0m
  [0m  [0m  [33m                           ^--- Use of undeclared Var event-type/MOUSEMOVE[0m
  [36m64[0m  [36m[0m
  [36m65[0m  [36m  (go[0m
  [36m66[0m  [36m    (<! (r/load-resources canvas :ui ["img/ball.png"]))[0m
  [36m67[0m  [36m[0m
  [36m68[0m  [36m    (t/set-texture! :ball (r/get-texture :ball :nearest))[0m

[36m----  Compiler Warning : Please see src/baller/core.cljs  ----[0m
[36m----  Compiler Warning on   src/baller/core.cljs   line:63  column:50  ----[0m

  [1mWrong number of args (1) passed to baller.core/mouse-move-handler[0m

  [36m60[0m  [36m(def scale 3)[0m
  [36m61[0m  [36m[0m
  [36m62[0m  [36m(defonce main-thread[0m
  [33m63[0m  [1m  (events/listen js/window event-type/MOUSEMOVE #(mouse-move-handler %)))[0m
  [0m  [0m  [33m                                                 ^--- Wrong number of args (1) passed to baller.core/mouse-move-handler[0m
  [36m64[0m  [36m[0m
  [36m65[0m  [36m  (go[0m
  [36m66[0m  [36m    (<! (r/load-resources canvas :ui ["img/ball.png"]))[0m
  [36m67[0m  [36m[0m
  [36m68[0m  [36m    (t/set-texture! :ball (r/get-texture :ball :nearest))[0m

[36m----  Compiler Warning : Please see src/baller/core.cljs  ----[0m
[31mFailed to compile "resources/public/js/compiled/baller.js" in 0.434 seconds.[0m
[36m----  Could not Read  src/baller/core.cljs   line:79  column:10  ----[0m

  [1mUnmatched delimiter )[0m

  [36m77[0m  [36m          )[0m
  [36m78[0m  [36m[0m
  [33m79[0m  [1m      )))[0m
  [0m  [0m  [33m         ^--- Unmatched delimiter )[0m

[36m----  Reader Error : Please see src/baller/core.cljs  ----[0m
[0mCompiling "resources/public/js/compiled/baller.js" from ["src"]...[0m
[36m----  Compiler Warning on   src/baller/core.cljs   line:63  column:4  ----[0m

  [1mNo such namespace: events, could not locate events.cljs, events.cljc, or Closure namespace ""[0m

  [36m60[0m  [36m(def scale 3)[0m
  [36m61[0m  [36m[0m
  [36m62[0m  [36m(defonce main-thread[0m
  [33m63[0m  [1m  (events/listen js/window event-type/MOUSEMOVE #(mouse-move-handler %)))[0m
  [0m  [0m  [33m   ^--- No such namespace: events, could not locate events.cljs, events.cljc, or Closure namespace ""[0m
  [36m64[0m  [36m[0m
  [36m65[0m  [36m  (go[0m
  [36m66[0m  [36m    (<! (r/load-resources canvas :ui ["img/ball.png"]))[0m
  [36m67[0m  [36m[0m
  [36m68[0m  [36m    (t/set-texture! :ball (r/get-texture :ball :nearest))[0m

[36m----  Compiler Warning : Please see src/baller/core.cljs  ----[0m
[36m----  Compiler Warning on   src/baller/core.cljs   line:63  column:4  ----[0m

  [1mUse of undeclared Var events/listen[0m

  [36m60[0m  [36m(def scale 3)[0m
  [36m61[0m  [36m[0m
  [36m62[0m  [36m(defonce main-thread[0m
  [33m63[0m  [1m  (events/listen js/window event-type/MOUSEMOVE #(mouse-move-handler %)))[0m
  [0m  [0m  [33m   ^--- Use of undeclared Var events/listen[0m
  [36m64[0m  [36m[0m
  [36m65[0m  [36m  (go[0m
  [36m66[0m  [36m    (<! (r/load-resources canvas :ui ["img/ball.png"]))[0m
  [36m67[0m  [36m[0m
  [36m68[0m  [36m    (t/set-texture! :ball (r/get-texture :ball :nearest))[0m

[36m----  Compiler Warning : Please see src/baller/core.cljs  ----[0m
[36m----  Compiler Warning on   src/baller/core.cljs   line:63  column:28  ----[0m

  [1mNo such namespace: event-type, could not locate event_type.cljs, event_type.cljc, or Closure namespace ""[0m

  [36m60[0m  [36m(def scale 3)[0m
  [36m61[0m  [36m[0m
  [36m62[0m  [36m(defonce main-thread[0m
  [33m63[0m  [1m  (events/listen js/window event-type/MOUSEMOVE #(mouse-move-handler %)))[0m
  [0m  [0m  [33m                           ^--- No such namespace: event-type, could not locate event_type.cljs, event_type.cljc, or Closure namespace ""[0m
  [36m64[0m  [36m[0m
  [36m65[0m  [36m  (go[0m
  [36m66[0m  [36m    (<! (r/load-resources canvas :ui ["img/ball.png"]))[0m
  [36m67[0m  [36m[0m
  [36m68[0m  [36m    (t/set-texture! :ball (r/get-texture :ball :nearest))[0m

[36m----  Compiler Warning : Please see src/baller/core.cljs  ----[0m
[36m----  Compiler Warning on   src/baller/core.cljs   line:63  column:28  ----[0m

  [1mUse of undeclared Var event-type/MOUSEMOVE[0m

  [36m60[0m  [36m(def scale 3)[0m
  [36m61[0m  [36m[0m
  [36m62[0m  [36m(defonce main-thread[0m
  [33m63[0m  [1m  (events/listen js/window event-type/MOUSEMOVE #(mouse-move-handler %)))[0m
  [0m  [0m  [33m                           ^--- Use of undeclared Var event-type/MOUSEMOVE[0m
  [36m64[0m  [36m[0m
  [36m65[0m  [36m  (go[0m
  [36m66[0m  [36m    (<! (r/load-resources canvas :ui ["img/ball.png"]))[0m
  [36m67[0m  [36m[0m
  [36m68[0m  [36m    (t/set-texture! :ball (r/get-texture :ball :nearest))[0m

[36m----  Compiler Warning : Please see src/baller/core.cljs  ----[0m
[31mFailed to compile "resources/public/js/compiled/baller.js" in 0.428 seconds.[0m
[36m----  Could not Read  src/baller/core.cljs   line:79  column:10  ----[0m

  [1mUnmatched delimiter )[0m

  [36m77[0m  [36m          )[0m
  [36m78[0m  [36m[0m
  [33m79[0m  [1m      )))[0m
  [0m  [0m  [33m         ^--- Unmatched delimiter )[0m

[36m----  Reader Error : Please see src/baller/core.cljs  ----[0m
[0mCompiling "resources/public/js/compiled/baller.js" from ["src"]...[0m
[36m----  Compiler Warning on   src/baller/core.cljs   line:63  column:4  ----[0m

  [1mNo such namespace: events, could not locate events.cljs, events.cljc, or Closure namespace ""[0m

  [36m60[0m  [36m(def scale 3)[0m
  [36m61[0m  [36m[0m
  [36m62[0m  [36m(defonce main-thread[0m
  [33m63[0m  [1m  (events/listen js/window event-type/MOUSEMOVE #(mouse-move-handler %)))[0m
  [0m  [0m  [33m   ^--- No such namespace: events, could not locate events.cljs, events.cljc, or Closure namespace ""[0m
  [36m64[0m  [36m[0m
  [36m65[0m  [36m  (go[0m
  [36m66[0m  [36m    (<! (r/load-resources canvas :ui ["img/ball.png"]))[0m
  [36m67[0m  [36m[0m
  [36m68[0m  [36m    (t/set-texture! :ball (r/get-texture :ball :nearest))[0m

[36m----  Compiler Warning : Please see src/baller/core.cljs  ----[0m
[36m----  Compiler Warning on   src/baller/core.cljs   line:63  column:4  ----[0m

  [1mUse of undeclared Var events/listen[0m

  [36m60[0m  [36m(def scale 3)[0m
  [36m61[0m  [36m[0m
  [36m62[0m  [36m(defonce main-thread[0m
  [33m63[0m  [1m  (events/listen js/window event-type/MOUSEMOVE #(mouse-move-handler %)))[0m
  [0m  [0m  [33m   ^--- Use of undeclared Var events/listen[0m
  [36m64[0m  [36m[0m
  [36m65[0m  [36m  (go[0m
  [36m66[0m  [36m    (<! (r/load-resources canvas :ui ["img/ball.png"]))[0m
  [36m67[0m  [36m[0m
  [36m68[0m  [36m    (t/set-texture! :ball (r/get-texture :ball :nearest))[0m

[36m----  Compiler Warning : Please see src/baller/core.cljs  ----[0m
[36m----  Compiler Warning on   src/baller/core.cljs   line:63  column:28  ----[0m

  [1mNo such namespace: event-type, could not locate event_type.cljs, event_type.cljc, or Closure namespace ""[0m

  [36m60[0m  [36m(def scale 3)[0m
  [36m61[0m  [36m[0m
  [36m62[0m  [36m(defonce main-thread[0m
  [33m63[0m  [1m  (events/listen js/window event-type/MOUSEMOVE #(mouse-move-handler %)))[0m
  [0m  [0m  [33m                           ^--- No such namespace: event-type, could not locate event_type.cljs, event_type.cljc, or Closure namespace ""[0m
  [36m64[0m  [36m[0m
  [36m65[0m  [36m  (go[0m
  [36m66[0m  [36m    (<! (r/load-resources canvas :ui ["img/ball.png"]))[0m
  [36m67[0m  [36m[0m
  [36m68[0m  [36m    (t/set-texture! :ball (r/get-texture :ball :nearest))[0m

[36m----  Compiler Warning : Please see src/baller/core.cljs  ----[0m
[36m----  Compiler Warning on   src/baller/core.cljs   line:63  column:28  ----[0m

  [1mUse of undeclared Var event-type/MOUSEMOVE[0m

  [36m60[0m  [36m(def scale 3)[0m
  [36m61[0m  [36m[0m
  [36m62[0m  [36m(defonce main-thread[0m
  [33m63[0m  [1m  (events/listen js/window event-type/MOUSEMOVE #(mouse-move-handler %)))[0m
  [0m  [0m  [33m                           ^--- Use of undeclared Var event-type/MOUSEMOVE[0m
  [36m64[0m  [36m[0m
  [36m65[0m  [36m  (go[0m
  [36m66[0m  [36m    (<! (r/load-resources canvas :ui ["img/ball.png"]))[0m
  [36m67[0m  [36m[0m
  [36m68[0m  [36m    (t/set-texture! :ball (r/get-texture :ball :nearest))[0m

[36m----  Compiler Warning : Please see src/baller/core.cljs  ----[0m
[31mFailed to compile "resources/public/js/compiled/baller.js" in 0.424 seconds.[0m
[36m----  Could not Read  src/baller/core.cljs   line:79  column:10  ----[0m

  [1mUnmatched delimiter )[0m

  [36m77[0m  [36m          )[0m
  [36m78[0m  [36m[0m
  [33m79[0m  [1m      )))[0m
  [0m  [0m  [33m         ^--- Unmatched delimiter )[0m

[36m----  Reader Error : Please see src/baller/core.cljs  ----[0m
[0mCompiling "resources/public/js/compiled/baller.js" from ["src"]...[0m
[31mFailed to compile "resources/public/js/compiled/baller.js" in 0.23 seconds.[0m
[36m----  Could not Analyze  src/baller/core.cljs   line:62  column:1  ----[0m

  [1mWrong number of args (3) passed to: core/defonce[0m

  [36m60[0m  [36m(def scale 3)[0m
  [36m61[0m  [36m[0m
  [33m62[0m  [1m(defonce main-thread[0m
  [0m  [0m  [33m^--- Wrong number of args (3) passed to: core/defonce[0m
  [36m63[0m  [36m  (events/listen js/window event-type/MOUSEMOVE #(mouse-move-handler %))[0m
  [36m64[0m  [36m[0m
  [36m65[0m  [36m  (go[0m

[36m----  Analysis Error : Please see src/baller/core.cljs  ----[0m
[0mCompiling "resources/public/js/compiled/baller.js" from ["src"]...[0m
[31mFailed to compile "resources/public/js/compiled/baller.js" in 0.249 seconds.[0m
[36m----  Could not Analyze  src/baller/core.cljs   line:62  column:1  ----[0m

  [1mWrong number of args (3) passed to: core/defonce[0m

  [36m60[0m  [36m(def scale 3)[0m
  [36m61[0m  [36m[0m
  [33m62[0m  [1m(defonce main-thread[0m
  [0m  [0m  [33m^--- Wrong number of args (3) passed to: core/defonce[0m
  [36m63[0m  [36m  (events/listen js/window event-type/MOUSEMOVE #(mouse-move-handler %))[0m
  [36m64[0m  [36m[0m
  [36m65[0m  [36m  (go[0m

[36m----  Analysis Error : Please see src/baller/core.cljs  ----[0m
[0mCompiling "resources/public/js/compiled/baller.js" from ["src"]...[0m
[36m----  Compiler Warning on   src/baller/core.cljs   line:63  column:4  ----[0m

  [1mNo such namespace: events, could not locate events.cljs, events.cljc, or Closure namespace ""[0m

  [36m60[0m  [36m(def scale 3)[0m
  [36m61[0m  [36m[0m
  [36m62[0m  [36m(defonce init-handlers[0m
  [33m63[0m  [1m  (events/listen js/window event-type/MOUSEMOVE #(mouse-move-handler %)))[0m
  [0m  [0m  [33m   ^--- No such namespace: events, could not locate events.cljs, events.cljc, or Closure namespace ""[0m
  [36m64[0m  [36m[0m
  [36m65[0m  [36m(defonce main-thread[0m
  [36m66[0m  [36m  (go[0m
  [36m67[0m  [36m    (<! (r/load-resources canvas :ui ["img/ball.png"]))[0m

[36m----  Compiler Warning : Please see src/baller/core.cljs  ----[0m
[36m----  Compiler Warning on   src/baller/core.cljs   line:63  column:4  ----[0m

  [1mUse of undeclared Var events/listen[0m

  [36m60[0m  [36m(def scale 3)[0m
  [36m61[0m  [36m[0m
  [36m62[0m  [36m(defonce init-handlers[0m
  [33m63[0m  [1m  (events/listen js/window event-type/MOUSEMOVE #(mouse-move-handler %)))[0m
  [0m  [0m  [33m   ^--- Use of undeclared Var events/listen[0m
  [36m64[0m  [36m[0m
  [36m65[0m  [36m(defonce main-thread[0m
  [36m66[0m  [36m  (go[0m
  [36m67[0m  [36m    (<! (r/load-resources canvas :ui ["img/ball.png"]))[0m

[36m----  Compiler Warning : Please see src/baller/core.cljs  ----[0m
[36m----  Compiler Warning on   src/baller/core.cljs   line:63  column:28  ----[0m

  [1mNo such namespace: event-type, could not locate event_type.cljs, event_type.cljc, or Closure namespace ""[0m

  [36m60[0m  [36m(def scale 3)[0m
  [36m61[0m  [36m[0m
  [36m62[0m  [36m(defonce init-handlers[0m
  [33m63[0m  [1m  (events/listen js/window event-type/MOUSEMOVE #(mouse-move-handler %)))[0m
  [0m  [0m  [33m                           ^--- No such namespace: event-type, could not locate event_type.cljs, event_type.cljc, or Closure namespace ""[0m
  [36m64[0m  [36m[0m
  [36m65[0m  [36m(defonce main-thread[0m
  [36m66[0m  [36m  (go[0m
  [36m67[0m  [36m    (<! (r/load-resources canvas :ui ["img/ball.png"]))[0m

[36m----  Compiler Warning : Please see src/baller/core.cljs  ----[0m
[36m----  Compiler Warning on   src/baller/core.cljs   line:63  column:28  ----[0m

  [1mUse of undeclared Var event-type/MOUSEMOVE[0m

  [36m60[0m  [36m(def scale 3)[0m
  [36m61[0m  [36m[0m
  [36m62[0m  [36m(defonce init-handlers[0m
  [33m63[0m  [1m  (events/listen js/window event-type/MOUSEMOVE #(mouse-move-handler %)))[0m
  [0m  [0m  [33m                           ^--- Use of undeclared Var event-type/MOUSEMOVE[0m
  [36m64[0m  [36m[0m
  [36m65[0m  [36m(defonce main-thread[0m
  [36m66[0m  [36m  (go[0m
  [36m67[0m  [36m    (<! (r/load-resources canvas :ui ["img/ball.png"]))[0m

[36m----  Compiler Warning : Please see src/baller/core.cljs  ----[0m
[32mSuccessfully compiled "resources/public/js/compiled/baller.js" in 0.575 seconds.[0m
notifying browser that file changed:  resources/public/js/compiled/out/baller/core.js
[0mCompiling "resources/public/js/compiled/baller.js" from ["src"]...[0m
[32mSuccessfully compiled "resources/public/js/compiled/baller.js" in 0.472 seconds.[0m
notifying browser that file changed:  resources/public/js/compiled/out/cljs_deps.js
notifying browser that file changed:  resources/public/js/compiled/out/baller/core.js
[0mCompiling "resources/public/js/compiled/baller.js" from ["src"]...[0m
[36m----  Compiler Warning on   src/baller/core.cljs   line:47  column:26  ----[0m

  [1mUse of undeclared Var baller.core/event[0m

  [36m43[0m  [36m               vel-x[0m
  [36m44[0m  [36m               (* vel-y (:gravity @game-state)))))))[0m
  [36m45[0m  [36m[0m
  [36m46[0m  [36m(defn mouse-move-handler [[a b]][0m
  [33m47[0m  [1m  (println "mouse moved" event))[0m
  [0m  [0m  [33m                         ^--- Use of undeclared Var baller.core/event[0m
  [36m48[0m  [36m[0m
  [36m49[0m  [36m(defn titlescreen-thread [][0m
  [36m50[0m  [36m  (go[0m
  [36m51[0m  [36m    (println "Starting Game")))[0m

[36m----  Compiler Warning : Please see src/baller/core.cljs  ----[0m
[32mSuccessfully compiled "resources/public/js/compiled/baller.js" in 0.481 seconds.[0m
notifying browser that file changed:  resources/public/js/compiled/out/baller/core.js
[0mCompiling "resources/public/js/compiled/baller.js" from ["src"]...[0m
[32mSuccessfully compiled "resources/public/js/compiled/baller.js" in 0.427 seconds.[0m
notifying browser that file changed:  resources/public/js/compiled/out/baller/core.js
[0mCompiling "resources/public/js/compiled/baller.js" from ["src"]...[0m
[32mSuccessfully compiled "resources/public/js/compiled/baller.js" in 0.432 seconds.[0m
notifying browser that file changed:  resources/public/js/compiled/out/baller/core.js
[0mCompiling "resources/public/js/compiled/baller.js" from ["src"]...[0m
[32mSuccessfully compiled "resources/public/js/compiled/baller.js" in 0.529 seconds.[0m
notifying browser that file changed:  resources/public/js/compiled/out/baller/core.js
[0mCompiling "resources/public/js/compiled/baller.js" from ["src"]...[0m
[32mSuccessfully compiled "resources/public/js/compiled/baller.js" in 0.433 seconds.[0m
notifying browser that file changed:  resources/public/js/compiled/out/baller/core.js
[0mCompiling "resources/public/js/compiled/baller.js" from ["src"]...[0m
[32mSuccessfully compiled "resources/public/js/compiled/baller.js" in 0.458 seconds.[0m
notifying browser that file changed:  resources/public/js/compiled/out/baller/core.js
[0mCompiling "resources/public/js/compiled/baller.js" from ["src"]...[0m
[32mSuccessfully compiled "resources/public/js/compiled/baller.js" in 0.43 seconds.[0m
notifying browser that file changed:  resources/public/js/compiled/out/baller/core.js
[0mCompiling "resources/public/js/compiled/baller.js" from ["src"]...[0m
[32mSuccessfully compiled "resources/public/js/compiled/baller.js" in 0.402 seconds.[0m
notifying browser that file changed:  resources/public/js/compiled/out/baller/core.js
[0mCompiling "resources/public/js/compiled/baller.js" from ["src"]...[0m
[32mSuccessfully compiled "resources/public/js/compiled/baller.js" in 0.413 seconds.[0m
notifying browser that file changed:  resources/public/js/compiled/out/baller/core.js
[0mCompiling "resources/public/js/compiled/baller.js" from ["src"]...[0m
[32mSuccessfully compiled "resources/public/js/compiled/baller.js" in 0.448 seconds.[0m
notifying browser that file changed:  resources/public/js/compiled/out/baller/core.js
[0mCompiling "resources/public/js/compiled/baller.js" from ["src"]...[0m
[32mSuccessfully compiled "resources/public/js/compiled/baller.js" in 0.398 seconds.[0m
notifying browser that file changed:  resources/public/js/compiled/out/baller/core.js
[0mCompiling "resources/public/js/compiled/baller.js" from ["src"]...[0m
[32mSuccessfully compiled "resources/public/js/compiled/baller.js" in 0.412 seconds.[0m
notifying browser that file changed:  resources/public/js/compiled/out/baller/core.js
[0mCompiling "resources/public/js/compiled/baller.js" from ["src"]...[0m
[36m----  Compiler Warning on   src/baller/core.cljs   line:49  column:17  ----[0m

  [1mUse of undeclared Var baller.core/width[0m

  [36m45[0m  [36m               vel-x[0m
  [36m46[0m  [36m               (* vel-y (:gravity @game-state)))))))[0m
  [36m47[0m  [36m[0m
  [36m48[0m  [36m(defn canvas-coord-to-pixi [x y][0m
  [33m49[0m  [1m  (let  [height width] (get-canvas-dimensions))[0m
  [0m  [0m  [33m                ^--- Use of undeclared Var baller.core/width[0m
  [36m50[0m  [36m  )[0m
  [36m51[0m  [36m[0m
  [36m52[0m  [36m(defn mouse-move-handler [event][0m
  [36m53[0m  [36m  (let [x (.-clientX event)[0m
  [36m54[0m  [36m        y (.-clientY event)][0m

[36m----  Compiler Warning : Please see src/baller/core.cljs  ----[0m
[32mSuccessfully compiled "resources/public/js/compiled/baller.js" in 0.46 seconds.[0m
notifying browser that file changed:  resources/public/js/compiled/out/baller/core.js
[0mCompiling "resources/public/js/compiled/baller.js" from ["src"]...[0m
[36m----  Compiler Warning on   src/baller/core.cljs   line:49  column:16  ----[0m

  [1mUse of undeclared Var baller.core/width[0m

  [36m45[0m  [36m               vel-x[0m
  [36m46[0m  [36m               (* vel-y (:gravity @game-state)))))))[0m
  [36m47[0m  [36m[0m
  [36m48[0m  [36m(defn canvas-coord-to-pixi [x y][0m
  [33m49[0m  [1m  (let [height width] (get-canvas-dimensions))[0m
  [0m  [0m  [33m               ^--- Use of undeclared Var baller.core/width[0m
  [36m50[0m  [36m  )[0m
  [36m51[0m  [36m[0m
  [36m52[0m  [36m(defn mouse-move-handler [event][0m
  [36m53[0m  [36m  (let [x (.-clientX event)[0m
  [36m54[0m  [36m        y (.-clientY event)][0m

[36m----  Compiler Warning : Please see src/baller/core.cljs  ----[0m
[32mSuccessfully compiled "resources/public/js/compiled/baller.js" in 0.458 seconds.[0m
notifying browser that file changed:  resources/public/js/compiled/out/baller/core.js
[0mCompiling "resources/public/js/compiled/baller.js" from ["src"]...[0m
[32mSuccessfully compiled "resources/public/js/compiled/baller.js" in 0.428 seconds.[0m
notifying browser that file changed:  resources/public/js/compiled/out/baller/core.js
[0mCompiling "resources/public/js/compiled/baller.js" from ["src"]...[0m
[32mSuccessfully compiled "resources/public/js/compiled/baller.js" in 0.43 seconds.[0m
notifying browser that file changed:  resources/public/js/compiled/out/baller/core.js
[0mCompiling "resources/public/js/compiled/baller.js" from ["src"]...[0m
[32mSuccessfully compiled "resources/public/js/compiled/baller.js" in 0.412 seconds.[0m
notifying browser that file changed:  resources/public/js/compiled/out/baller/core.js
[0mCompiling "resources/public/js/compiled/baller.js" from ["src"]...[0m
[32mSuccessfully compiled "resources/public/js/compiled/baller.js" in 0.426 seconds.[0m
notifying browser that file changed:  resources/public/js/compiled/out/baller/core.js
[0mCompiling "resources/public/js/compiled/baller.js" from ["src"]...[0m
[32mSuccessfully compiled "resources/public/js/compiled/baller.js" in 0.424 seconds.[0m
notifying browser that file changed:  resources/public/js/compiled/out/baller/core.js
[0mCompiling "resources/public/js/compiled/baller.js" from ["src"]...[0m
[36m----  Compiler Warning on   src/baller/core.cljs   line:55  column:6  ----[0m

  [1mUse of undeclared Var baller.core/swap[0m

  [36m51[0m  [36m     (- x (/ width 2))]))[0m
  [36m52[0m  [36m[0m
  [36m53[0m  [36m(defn mouse-move-handler [event][0m
  [36m54[0m  [36m  (let [[x y] (canvas-coord-to-pixi (.-clientX event) (.-clientY event))][0m
  [33m55[0m  [1m    (swap game-state assoc :mouse {:x x :y y})))[0m
  [0m  [0m  [33m     ^--- Use of undeclared Var baller.core/swap[0m
  [36m56[0m  [36m[0m
  [36m57[0m  [36m(defn titlescreen-thread [][0m
  [36m58[0m  [36m  (go[0m
  [36m59[0m  [36m    (println "Starting Game")))[0m

[36m----  Compiler Warning : Please see src/baller/core.cljs  ----[0m
[32mSuccessfully compiled "resources/public/js/compiled/baller.js" in 0.459 seconds.[0m
notifying browser that file changed:  resources/public/js/compiled/out/baller/core.js
[0mCompiling "resources/public/js/compiled/baller.js" from ["src"]...[0m
[32mSuccessfully compiled "resources/public/js/compiled/baller.js" in 0.411 seconds.[0m
notifying browser that file changed:  resources/public/js/compiled/out/baller/core.js
[0mCompiling "resources/public/js/compiled/baller.js" from ["src"]...[0m
[32mSuccessfully compiled "resources/public/js/compiled/baller.js" in 0.418 seconds.[0m
notifying browser that file changed:  resources/public/js/compiled/out/baller/core.js
[0mCompiling "resources/public/js/compiled/baller.js" from ["src"]...[0m
[32mSuccessfully compiled "resources/public/js/compiled/baller.js" in 0.437 seconds.[0m
notifying browser that file changed:  resources/public/js/compiled/out/baller/core.js
[0mCompiling "resources/public/js/compiled/baller.js" from ["src"]...[0m
[32mSuccessfully compiled "resources/public/js/compiled/baller.js" in 0.418 seconds.[0m
notifying browser that file changed:  resources/public/js/compiled/out/baller/core.js
[0mCompiling "resources/public/js/compiled/baller.js" from ["src"]...[0m
[32mSuccessfully compiled "resources/public/js/compiled/baller.js" in 0.409 seconds.[0m
notifying browser that file changed:  resources/public/js/compiled/out/baller/core.js
